<?xml version="1.0" encoding="UTF-8"?>
<testsuite name="WordPuzzleTest" tests="5" skipped="0" failures="0" errors="0" timestamp="2015-08-14T21:16:10" hostname="epicodus-105.local" time="0.006">
  <properties/>
  <testcase name="wordPuzzleApp_ifLastLetterY_returnsdash" classname="WordPuzzleTest" time="0.001"/>
  <testcase name="wordPuzzleApp_ifLastLetterYCapital_returnsdash" classname="WordPuzzleTest" time="0.0"/>
  <testcase name="wordPuzzleApp_ifCapitalVowel_returnsdahs" classname="WordPuzzleTest" time="0.0"/>
  <testcase name="wordPuzzleApp_ifVowel_returnsdash" classname="WordPuzzleTest" time="0.001"/>
  <testcase name="wordPuzzleApp_ifMultiWordEntryWhereYIsVowel_returnsdash" classname="WordPuzzleTest" time="0.0"/>
  <system-out><![CDATA[]]></system-out>
  <system-err><![CDATA[]]></system-err>
</testsuite>
